*~
~$*
.~lock.*
~*.tmp
]*.~*
]Icon\r*
].DS_Store
].ds_store
*.textClipping
._*
]Thumbs.db
]photothumb.db
System Volume Information
.*.sw?
.*.*sw?
].TemporaryItems
].Trashes
].DocumentRevisions-V100
].Trash-*
.fseventd
.apdisk
.Spotlight-V100
.directory
*.part
*.filepart
*.crdownload
*.kate-swp
*.gnucash.tmp-*
.synkron.*
.sync.ffs_db
.symform
.symform-store
.fuse_hidden*
*.unison
.nfs*
.stfolder
.stignore
.stversions
My Saved Places.
*.sb-*
maintenance.lock
build
.output
dist
.git/packed-refs
]node_modules
].next
].nuxt
]__pycache__
].venv
].fvm
].dart_tool
].ruff_cache
].vitepress/cache
].vitepress/temp
